[0.012s] Invoking command in '/home/starnus/starnus/starnus_robot_sim/starnus_robot/src/ros2_canopen/config_package/build/config_package': CMAKE_PREFIX_PATH=${CMAKE_PREFIX_PATH}:/home/starnus/starnus/starnus_robot_sim/starnus_robot/install/starnus_viz:/home/starnus/starnus/starnus_robot_sim/starnus_robot/install/starnus_slam:/home/starnus/starnus/starnus_robot_sim/starnus_robot/install/starnus_rmf_panel:/home/starnus/starnus/starnus_robot_sim/starnus_robot/install/starnus_rmf_fleet_adapter:/home/starnus/starnus/starnus_robot_sim/starnus_robot/install/starnus_pallet_localisation:/home/starnus/starnus/starnus_robot_sim/starnus_robot/install/starnus_driver:/home/starnus/starnus/starnus_robot_sim/starnus_robot/install/starnus_description:/home/starnus/starnus/starnus_robot_sim/starnus_robot/install/starnus_bringup:/home/starnus/starnus/starnus_robot_sim/starnus_robot/install/starnus:/home/starnus/starnus/starnus_robot_sim/starnus_robot/install/canopen_utils:/home/starnus/starnus_robot/install/wms_bridge:/home/starnus/starnus_robot/install/starnus_viz:/home/starnus/starnus_robot/install/starnus_slam:/home/starnus/starnus_robot/install/starnus_sim:/home/starnus/starnus_robot/install/starnus_rmf_panel:/home/starnus/starnus_robot/install/starnus_rmf_fleet_adapter:/home/starnus/starnus_robot/install/starnus_pallet_localisation:/home/starnus/starnus_robot/install/starnus_navigation:/home/starnus/starnus_robot/install/starnus_driver:/home/starnus/starnus_robot/install/starnus_description:/home/starnus/starnus_robot/install/starnus_bringup:/home/starnus/starnus_robot/install/starnus_arduino_comms:/home/starnus/starnus_robot/install/starnus:/opt/ros/humble /usr/bin/cmake /home/starnus/starnus/starnus_robot_sim/starnus_robot/src/ros2_canopen/config_package -DCMAKE_INSTALL_PREFIX=/home/starnus/starnus/starnus_robot_sim/starnus_robot/src/ros2_canopen/config_package/install/config_package
[0.148s] -- The C compiler identification is GNU 11.4.0
[0.237s] -- The CXX compiler identification is GNU 11.4.0
[0.244s] -- Detecting C compiler ABI info
[0.292s] -- Detecting C compiler ABI info - done
[0.296s] -- Check for working C compiler: /usr/bin/cc - skipped
[0.298s] -- Detecting C compile features
[0.298s] -- Detecting C compile features - done
[0.300s] -- Detecting CXX compiler ABI info
[0.350s] -- Detecting CXX compiler ABI info - done
[0.354s] -- Check for working CXX compiler: /usr/bin/c++ - skipped
[0.354s] -- Detecting CXX compile features
[0.354s] -- Detecting CXX compile features - done
[0.360s] -- Found ament_cmake: 1.3.5 (/opt/ros/humble/share/ament_cmake/cmake)
[0.498s] -- Found Python3: /usr/bin/python3.10 (found version "3.10.12") found components: Interpreter 
[0.592s] -- Found canopen_core: 0.2.7 (/home/starnus/starnus/starnus_robot_sim/starnus_robot/install/canopen_core/share/canopen_core/cmake)
[0.707s] -- Found Boost: /usr/lib/x86_64-linux-gnu/cmake/Boost-1.74.0/BoostConfig.cmake (found version "1.74.0") found components: system thread 
[0.754s] -- Found rosidl_generator_c: 3.1.5 (/opt/ros/humble/share/rosidl_generator_c/cmake)
[0.761s] -- Found rosidl_adapter: 3.1.5 (/opt/ros/humble/share/rosidl_adapter/cmake)
[0.772s] -- Found rosidl_generator_cpp: 3.1.5 (/opt/ros/humble/share/rosidl_generator_cpp/cmake)
[0.787s] -- Using all available rosidl_typesupport_c: rosidl_typesupport_fastrtps_c;rosidl_typesupport_introspection_c
[0.807s] -- Using all available rosidl_typesupport_cpp: rosidl_typesupport_fastrtps_cpp;rosidl_typesupport_introspection_cpp
[0.923s] -- Found rmw_implementation_cmake: 6.1.1 (/opt/ros/humble/share/rmw_implementation_cmake/cmake)
[0.928s] -- Found rmw_fastrtps_cpp: 6.2.4 (/opt/ros/humble/share/rmw_fastrtps_cpp/cmake)
[1.009s] -- Found OpenSSL: /usr/lib/x86_64-linux-gnu/libcrypto.so (found version "3.0.2")  
[1.029s] -- Found FastRTPS: /opt/ros/humble/include  
[1.063s] -- Using RMW implementation 'rmw_fastrtps_cpp' as default
[1.077s] -- Found Threads: TRUE  
[1.265s] -- Found canopen_base_driver: 0.2.7 (/home/starnus/starnus/starnus_robot_sim/starnus_robot/install/canopen_base_driver/share/canopen_base_driver/cmake)
[1.362s] -- Found canopen_proxy_driver: 0.2.7 (/home/starnus/starnus/starnus_robot_sim/starnus_robot/install/canopen_proxy_driver/share/canopen_proxy_driver/cmake)
[1.406s] -- Found ament_lint_auto: 0.12.8 (/opt/ros/humble/share/ament_lint_auto/cmake)
[1.475s] -- Added test 'cppcheck' to perform static code analysis on C / C++ code
[1.475s] -- Configured cppcheck include dirs: 
[1.475s] -- Configured cppcheck exclude dirs and/or files: 
[1.476s] -- Added test 'flake8' to check Python code syntax and style conventions
[1.477s] -- Added test 'lint_cmake' to check CMake code style
[1.478s] -- Added test 'pep257' to check Python code against some of the docstring style conventions in PEP 257
[1.480s] -- Added test 'uncrustify' to check C / C++ code style
[1.480s] -- Configured uncrustify additional arguments: 
[1.481s] -- Added test 'xmllint' to check XML markup files
[1.483s] -- Configuring done
[1.486s] -- Generating done
[1.487s] -- Build files have been written to: /home/starnus/starnus/starnus_robot_sim/starnus_robot/src/ros2_canopen/config_package/build/config_package
[1.494s] Invoked command in '/home/starnus/starnus/starnus_robot_sim/starnus_robot/src/ros2_canopen/config_package/build/config_package' returned '0': CMAKE_PREFIX_PATH=${CMAKE_PREFIX_PATH}:/home/starnus/starnus/starnus_robot_sim/starnus_robot/install/starnus_viz:/home/starnus/starnus/starnus_robot_sim/starnus_robot/install/starnus_slam:/home/starnus/starnus/starnus_robot_sim/starnus_robot/install/starnus_rmf_panel:/home/starnus/starnus/starnus_robot_sim/starnus_robot/install/starnus_rmf_fleet_adapter:/home/starnus/starnus/starnus_robot_sim/starnus_robot/install/starnus_pallet_localisation:/home/starnus/starnus/starnus_robot_sim/starnus_robot/install/starnus_driver:/home/starnus/starnus/starnus_robot_sim/starnus_robot/install/starnus_description:/home/starnus/starnus/starnus_robot_sim/starnus_robot/install/starnus_bringup:/home/starnus/starnus/starnus_robot_sim/starnus_robot/install/starnus:/home/starnus/starnus/starnus_robot_sim/starnus_robot/install/canopen_utils:/home/starnus/starnus_robot/install/wms_bridge:/home/starnus/starnus_robot/install/starnus_viz:/home/starnus/starnus_robot/install/starnus_slam:/home/starnus/starnus_robot/install/starnus_sim:/home/starnus/starnus_robot/install/starnus_rmf_panel:/home/starnus/starnus_robot/install/starnus_rmf_fleet_adapter:/home/starnus/starnus_robot/install/starnus_pallet_localisation:/home/starnus/starnus_robot/install/starnus_navigation:/home/starnus/starnus_robot/install/starnus_driver:/home/starnus/starnus_robot/install/starnus_description:/home/starnus/starnus_robot/install/starnus_bringup:/home/starnus/starnus_robot/install/starnus_arduino_comms:/home/starnus/starnus_robot/install/starnus:/opt/ros/humble /usr/bin/cmake /home/starnus/starnus/starnus_robot_sim/starnus_robot/src/ros2_canopen/config_package -DCMAKE_INSTALL_PREFIX=/home/starnus/starnus/starnus_robot_sim/starnus_robot/src/ros2_canopen/config_package/install/config_package
[1.494s] Invoking command in '/home/starnus/starnus/starnus_robot_sim/starnus_robot/src/ros2_canopen/config_package/build/config_package': CMAKE_PREFIX_PATH=${CMAKE_PREFIX_PATH}:/home/starnus/starnus/starnus_robot_sim/starnus_robot/install/starnus_viz:/home/starnus/starnus/starnus_robot_sim/starnus_robot/install/starnus_slam:/home/starnus/starnus/starnus_robot_sim/starnus_robot/install/starnus_rmf_panel:/home/starnus/starnus/starnus_robot_sim/starnus_robot/install/starnus_rmf_fleet_adapter:/home/starnus/starnus/starnus_robot_sim/starnus_robot/install/starnus_pallet_localisation:/home/starnus/starnus/starnus_robot_sim/starnus_robot/install/starnus_driver:/home/starnus/starnus/starnus_robot_sim/starnus_robot/install/starnus_description:/home/starnus/starnus/starnus_robot_sim/starnus_robot/install/starnus_bringup:/home/starnus/starnus/starnus_robot_sim/starnus_robot/install/starnus:/home/starnus/starnus/starnus_robot_sim/starnus_robot/install/canopen_utils:/home/starnus/starnus_robot/install/wms_bridge:/home/starnus/starnus_robot/install/starnus_viz:/home/starnus/starnus_robot/install/starnus_slam:/home/starnus/starnus_robot/install/starnus_sim:/home/starnus/starnus_robot/install/starnus_rmf_panel:/home/starnus/starnus_robot/install/starnus_rmf_fleet_adapter:/home/starnus/starnus_robot/install/starnus_pallet_localisation:/home/starnus/starnus_robot/install/starnus_navigation:/home/starnus/starnus_robot/install/starnus_driver:/home/starnus/starnus_robot/install/starnus_description:/home/starnus/starnus_robot/install/starnus_bringup:/home/starnus/starnus_robot/install/starnus_arduino_comms:/home/starnus/starnus_robot/install/starnus:/opt/ros/humble /usr/bin/cmake --build /home/starnus/starnus/starnus_robot_sim/starnus_robot/src/ros2_canopen/config_package/build/config_package -- -j20 -l20
[1.535s] Built target gpl_bus_prepare
[1.695s] Found no nodes entry.
[1.706s] sed: can't read /home/starnus/starnus/starnus_robot_sim/starnus_robot/src/ros2_canopen/config_package/build/config_package/config/gpl_bus/preprocessed_bus.yml: No such file or directory
[1.707s] gmake[2]: *** [CMakeFiles/gpl_bus.dir/build.make:74: gpl_bus] Error 2
[1.707s] gmake[1]: *** [CMakeFiles/Makefile2:165: CMakeFiles/gpl_bus.dir/all] Error 2
[1.707s] gmake: *** [Makefile:146: all] Error 2
[1.709s] Invoked command in '/home/starnus/starnus/starnus_robot_sim/starnus_robot/src/ros2_canopen/config_package/build/config_package' returned '2': CMAKE_PREFIX_PATH=${CMAKE_PREFIX_PATH}:/home/starnus/starnus/starnus_robot_sim/starnus_robot/install/starnus_viz:/home/starnus/starnus/starnus_robot_sim/starnus_robot/install/starnus_slam:/home/starnus/starnus/starnus_robot_sim/starnus_robot/install/starnus_rmf_panel:/home/starnus/starnus/starnus_robot_sim/starnus_robot/install/starnus_rmf_fleet_adapter:/home/starnus/starnus/starnus_robot_sim/starnus_robot/install/starnus_pallet_localisation:/home/starnus/starnus/starnus_robot_sim/starnus_robot/install/starnus_driver:/home/starnus/starnus/starnus_robot_sim/starnus_robot/install/starnus_description:/home/starnus/starnus/starnus_robot_sim/starnus_robot/install/starnus_bringup:/home/starnus/starnus/starnus_robot_sim/starnus_robot/install/starnus:/home/starnus/starnus/starnus_robot_sim/starnus_robot/install/canopen_utils:/home/starnus/starnus_robot/install/wms_bridge:/home/starnus/starnus_robot/install/starnus_viz:/home/starnus/starnus_robot/install/starnus_slam:/home/starnus/starnus_robot/install/starnus_sim:/home/starnus/starnus_robot/install/starnus_rmf_panel:/home/starnus/starnus_robot/install/starnus_rmf_fleet_adapter:/home/starnus/starnus_robot/install/starnus_pallet_localisation:/home/starnus/starnus_robot/install/starnus_navigation:/home/starnus/starnus_robot/install/starnus_driver:/home/starnus/starnus_robot/install/starnus_description:/home/starnus/starnus_robot/install/starnus_bringup:/home/starnus/starnus_robot/install/starnus_arduino_comms:/home/starnus/starnus_robot/install/starnus:/opt/ros/humble /usr/bin/cmake --build /home/starnus/starnus/starnus_robot_sim/starnus_robot/src/ros2_canopen/config_package/build/config_package -- -j20 -l20
