[0.011s] Invoking command in '/home/starnus/starnus/starnus_robot_sim/starnus_robot/src/ros2_canopen/config_package/build/config_package': CMAKE_PREFIX_PATH=${CMAKE_PREFIX_PATH}:/home/starnus/starnus/starnus_robot_sim/starnus_robot/install/starnus_viz:/home/starnus/starnus/starnus_robot_sim/starnus_robot/install/starnus_slam:/home/starnus/starnus/starnus_robot_sim/starnus_robot/install/starnus_rmf_panel:/home/starnus/starnus/starnus_robot_sim/starnus_robot/install/starnus_rmf_fleet_adapter:/home/starnus/starnus/starnus_robot_sim/starnus_robot/install/starnus_pallet_localisation:/home/starnus/starnus/starnus_robot_sim/starnus_robot/install/starnus_driver:/home/starnus/starnus/starnus_robot_sim/starnus_robot/install/starnus_description:/home/starnus/starnus/starnus_robot_sim/starnus_robot/install/starnus_bringup:/home/starnus/starnus/starnus_robot_sim/starnus_robot/install/starnus:/home/starnus/starnus/starnus_robot_sim/starnus_robot/install/canopen_utils:/home/starnus/starnus_robot/install/wms_bridge:/home/starnus/starnus_robot/install/starnus_viz:/home/starnus/starnus_robot/install/starnus_slam:/home/starnus/starnus_robot/install/starnus_sim:/home/starnus/starnus_robot/install/starnus_rmf_panel:/home/starnus/starnus_robot/install/starnus_rmf_fleet_adapter:/home/starnus/starnus_robot/install/starnus_pallet_localisation:/home/starnus/starnus_robot/install/starnus_navigation:/home/starnus/starnus_robot/install/starnus_driver:/home/starnus/starnus_robot/install/starnus_description:/home/starnus/starnus_robot/install/starnus_bringup:/home/starnus/starnus_robot/install/starnus_arduino_comms:/home/starnus/starnus_robot/install/starnus:/opt/ros/humble /usr/bin/cmake --build /home/starnus/starnus/starnus_robot_sim/starnus_robot/src/ros2_canopen/config_package/build/config_package -- -j20 -l20
[0.026s] -- Found ament_cmake: 1.3.5 (/opt/ros/humble/share/ament_cmake/cmake)
[0.127s] -- Found rclcpp: 16.0.6 (/opt/ros/humble/share/rclcpp/cmake)
[0.145s] -- Found rosidl_generator_c: 3.1.5 (/opt/ros/humble/share/rosidl_generator_c/cmake)
[0.146s] -- Found rosidl_adapter: 3.1.5 (/opt/ros/humble/share/rosidl_adapter/cmake)
[0.149s] -- Found rosidl_generator_cpp: 3.1.5 (/opt/ros/humble/share/rosidl_generator_cpp/cmake)
[0.156s] -- Using all available rosidl_typesupport_c: rosidl_typesupport_fastrtps_c;rosidl_typesupport_introspection_c
[0.169s] -- Using all available rosidl_typesupport_cpp: rosidl_typesupport_fastrtps_cpp;rosidl_typesupport_introspection_cpp
[0.202s] -- Found rmw_implementation_cmake: 6.1.1 (/opt/ros/humble/share/rmw_implementation_cmake/cmake)
[0.203s] -- Found rmw_fastrtps_cpp: 6.2.4 (/opt/ros/humble/share/rmw_fastrtps_cpp/cmake)
[0.280s] -- Using RMW implementation 'rmw_fastrtps_cpp' as default
[0.364s] -- Found std_srvs: 4.2.3 (/opt/ros/humble/share/std_srvs/cmake)
[0.372s] -- Found canopen: 0.2.7 (/home/starnus/starnus/starnus_robot_sim/starnus_robot/install/canopen/share/canopen/cmake)
[0.372s] -- Found lely_core_libraries: 0.2.7 (/home/starnus/starnus/starnus_robot_sim/starnus_robot/install/lely_core_libraries/share/lely_core_libraries/cmake)
[0.375s] -- Found canopen_interfaces: 0.2.7 (/home/starnus/starnus/starnus_robot_sim/starnus_robot/install/canopen_interfaces/share/canopen_interfaces/cmake)
[0.382s] -- Found canopen_core: 0.2.7 (/home/starnus/starnus/starnus_robot_sim/starnus_robot/install/canopen_core/share/canopen_core/cmake)
[0.449s] -- Found canopen_base_driver: 0.2.7 (/home/starnus/starnus/starnus_robot_sim/starnus_robot/install/canopen_base_driver/share/canopen_base_driver/cmake)
[0.516s] -- Found canopen_proxy_driver: 0.2.7 (/home/starnus/starnus/starnus_robot_sim/starnus_robot/install/canopen_proxy_driver/share/canopen_proxy_driver/cmake)
[0.561s] -- Found ament_lint_auto: 0.12.8 (/opt/ros/humble/share/ament_lint_auto/cmake)
[0.606s] -- Added test 'copyright' to check source files copyright and LICENSE
[0.611s] -- Added test 'cppcheck' to perform static code analysis on C / C++ code
[0.611s] -- Configured cppcheck include dirs: 
[0.611s] -- Configured cppcheck exclude dirs and/or files: 
[0.616s] -- Added test 'cpplint' to check C / C++ code against the Google style
[0.616s] -- Configured cpplint exclude dirs and/or files: 
[0.617s] -- Added test 'flake8' to check Python code syntax and style conventions
[0.618s] -- Added test 'lint_cmake' to check CMake code style
[0.619s] -- Added test 'pep257' to check Python code against some of the docstring style conventions in PEP 257
[0.623s] -- Added test 'uncrustify' to check C / C++ code style
[0.623s] -- Configured uncrustify additional arguments: 
[0.624s] -- Added test 'xmllint' to check XML markup files
[0.624s] -- Configuring done
[0.630s] -- Generating done
[0.631s] -- Build files have been written to: /home/starnus/starnus/starnus_robot_sim/starnus_robot/src/ros2_canopen/config_package/build/config_package
[0.650s] [35m[1mConsolidate compiler generated dependencies of target position_tick_client[0m
[0.660s] [ 50%] Built target gpl_bus_prepare
[0.661s] [100%] Built target position_tick_client
[0.846s] /home/starnus/starnus/starnus_robot_sim/starnus_robot/install/lely_core_libraries/lib/python3.10/site-packages/dcfgen/cli.py:183: UserWarning: invalid value for SupportedObjects in [MandatoryObjects]: SupportedObjects
[0.846s]   if not dcf.lint(cfg) and not no_strict:
[0.846s] /home/starnus/starnus/starnus_robot_sim/starnus_robot/install/lely_core_libraries/lib/python3.10/site-packages/dcfgen/cli.py:183: UserWarning: SupportedObjects entry missing in [MandatoryObjects]
[0.846s]   if not dcf.lint(cfg) and not no_strict:
[0.847s] /home/starnus/starnus/starnus_robot_sim/starnus_robot/install/lely_core_libraries/lib/python3.10/site-packages/dcfgen/cli.py:183: UserWarning: invalid value for SupportedObjects in [OptionalObjects]: SupportedObjects
[0.847s]   if not dcf.lint(cfg) and not no_strict:
[0.847s] /home/starnus/starnus/starnus_robot_sim/starnus_robot/install/lely_core_libraries/lib/python3.10/site-packages/dcfgen/cli.py:183: UserWarning: SupportedObjects entry missing in [OptionalObjects]
[0.847s]   if not dcf.lint(cfg) and not no_strict:
[0.875s] /home/starnus/starnus/starnus_robot_sim/starnus_robot/install/lely_core_libraries/lib/python3.10/site-packages/dcfgen/cli.py:183: UserWarning: invalid value for SupportedObjects in [ManufacturerObjects]: SupportedObjects
[0.875s]   if not dcf.lint(cfg) and not no_strict:
[0.875s] /home/starnus/starnus/starnus_robot_sim/starnus_robot/install/lely_core_libraries/lib/python3.10/site-packages/dcfgen/cli.py:183: UserWarning: SupportedObjects entry missing in [ManufacturerObjects]
[0.875s]   if not dcf.lint(cfg) and not no_strict:
[0.922s] Traceback (most recent call last):
[0.922s]   File "/home/starnus/starnus/starnus_robot_sim/starnus_robot/install/lely_core_libraries/bin/dcfgen", line 33, in <module>
[0.922s]     sys.exit(load_entry_point('dcf-tools==2.3.2', 'console_scripts', 'dcfgen')())
[0.922s]   File "/home/starnus/starnus/starnus_robot_sim/starnus_robot/install/lely_core_libraries/lib/python3.10/site-packages/dcfgen/cli.py", line 565, in main
[0.922s]     slave = Slave.from_config(name, cfg[name], options, args)
[0.922s]   File "/home/starnus/starnus/starnus_robot_sim/starnus_robot/install/lely_core_libraries/lib/python3.10/site-packages/dcfgen/cli.py", line 194, in from_config
[0.922s]     slave = cls.from_dcf(str(cfg["dcf"]), env, args)
[0.922s]   File "/home/starnus/starnus/starnus_robot_sim/starnus_robot/install/lely_core_libraries/lib/python3.10/site-packages/dcfgen/cli.py", line 186, in from_dcf
[0.922s]     return cls(cfg, env)
[0.922s]   File "/home/starnus/starnus/starnus_robot_sim/starnus_robot/install/lely_core_libraries/lib/python3.10/site-packages/dcfgen/cli.py", line 14, in __init__
[0.922s]     super().__init__(cfg, env)
[0.922s]   File "/home/starnus/starnus/starnus_robot_sim/starnus_robot/install/lely_core_libraries/lib/python3.10/site-packages/dcf/device.py", line 28, in __init__
[0.922s]     for i in range(int(self.cfg[section]["SupportedObjects"], 10)):
[0.922s] ValueError: invalid literal for int() with base 10: '0x91'
[0.939s] gmake[2]: *** [CMakeFiles/gpl_bus.dir/build.make:74: gpl_bus] Error 1
[0.939s] gmake[1]: *** [CMakeFiles/Makefile2:167: CMakeFiles/gpl_bus.dir/all] Error 2
[0.939s] gmake: *** [Makefile:146: all] Error 2
[0.941s] Invoked command in '/home/starnus/starnus/starnus_robot_sim/starnus_robot/src/ros2_canopen/config_package/build/config_package' returned '2': CMAKE_PREFIX_PATH=${CMAKE_PREFIX_PATH}:/home/starnus/starnus/starnus_robot_sim/starnus_robot/install/starnus_viz:/home/starnus/starnus/starnus_robot_sim/starnus_robot/install/starnus_slam:/home/starnus/starnus/starnus_robot_sim/starnus_robot/install/starnus_rmf_panel:/home/starnus/starnus/starnus_robot_sim/starnus_robot/install/starnus_rmf_fleet_adapter:/home/starnus/starnus/starnus_robot_sim/starnus_robot/install/starnus_pallet_localisation:/home/starnus/starnus/starnus_robot_sim/starnus_robot/install/starnus_driver:/home/starnus/starnus/starnus_robot_sim/starnus_robot/install/starnus_description:/home/starnus/starnus/starnus_robot_sim/starnus_robot/install/starnus_bringup:/home/starnus/starnus/starnus_robot_sim/starnus_robot/install/starnus:/home/starnus/starnus/starnus_robot_sim/starnus_robot/install/canopen_utils:/home/starnus/starnus_robot/install/wms_bridge:/home/starnus/starnus_robot/install/starnus_viz:/home/starnus/starnus_robot/install/starnus_slam:/home/starnus/starnus_robot/install/starnus_sim:/home/starnus/starnus_robot/install/starnus_rmf_panel:/home/starnus/starnus_robot/install/starnus_rmf_fleet_adapter:/home/starnus/starnus_robot/install/starnus_pallet_localisation:/home/starnus/starnus_robot/install/starnus_navigation:/home/starnus/starnus_robot/install/starnus_driver:/home/starnus/starnus_robot/install/starnus_description:/home/starnus/starnus_robot/install/starnus_bringup:/home/starnus/starnus_robot/install/starnus_arduino_comms:/home/starnus/starnus_robot/install/starnus:/opt/ros/humble /usr/bin/cmake --build /home/starnus/starnus/starnus_robot_sim/starnus_robot/src/ros2_canopen/config_package/build/config_package -- -j20 -l20
